Using pre-set license
Built from '2020.2/release' branch; Version is '2020.2.0f1 (3721df5a8b28) revision 3613151'; Using compiler version '192528614'; Build Type 'Release'
OS: 'Windows 10  (10.0.0) 64bit' Language: 'ko' Physical Memory: 16317 MB
BatchMode: 1, IsHumanControllingUs: 0, StartBugReporterOnCrash: 0, Is64bit: 1, IsPro: 0

 COMMAND LINE ARGUMENTS:
C:\Program Files\Unity\Hub\Editor\2020.2.0f1\Editor\Unity.exe
-adb2
-batchMode
-noUpm
-name
AssetImportWorker1
-projectPath
C:/Users/yytte/DodgeAndFire
-logFile
Logs/AssetImportWorker1.log
-srvPort
3564
Successfully changed project path to: C:/Users/yytte/DodgeAndFire
C:/Users/yytte/DodgeAndFire
Using Asset Import Pipeline V2.
Refreshing native plugins compatible for Editor in 70.87 ms, found 1 plugins.
Preloading 0 native plugins for Editor in 0.00 ms.
Initialize engine version: 2020.2.0f1 (3721df5a8b28)
[Subsystems] Discovering subsystems at path C:/Program Files/Unity/Hub/Editor/2020.2.0f1/Editor/Data/Resources/UnitySubsystems
[Subsystems] Discovering subsystems at path C:/Users/yytte/DodgeAndFire/Assets
GfxDevice: creating device client; threaded=0
Direct3D:
    Version:  Direct3D 11.0 [level 11.1]
    Renderer: NVIDIA GeForce GTX 1060 6GB (ID=0x1c03)
    Vendor:   
    VRAM:     6052 MB
    Driver:   26.21.14.3200
Initialize mono
Mono path[0] = 'C:/Program Files/Unity/Hub/Editor/2020.2.0f1/Editor/Data/Managed'
Mono path[1] = 'C:/Program Files/Unity/Hub/Editor/2020.2.0f1/Editor/Data/MonoBleedingEdge/lib/mono/unityjit'
Mono config path = 'C:/Program Files/Unity/Hub/Editor/2020.2.0f1/Editor/Data/MonoBleedingEdge/etc'
Using monoOptions --debugger-agent=transport=dt_socket,embedding=1,server=y,suspend=n,address=127.0.0.1:56324
Begin MonoManager ReloadAssembly
Registering precompiled unity dll's ...
Register platform support module: C:/Program Files/Unity/Hub/Editor/2020.2.0f1/Editor/Data/PlaybackEngines/WindowsStandaloneSupport/UnityEditor.WindowsStandalone.Extensions.dll
Registered in 0.005254 seconds.
Native extension for WindowsStandalone target not found
Refreshing native plugins compatible for Editor in 71.41 ms, found 1 plugins.
Preloading 0 native plugins for Editor in 0.00 ms.
Invoked RoslynAnalysisRunner static constructor.
RoslynAnalysisRunner will not be running.
RoslynAnalysisRunner has terminated.
Mono: successfully reloaded assembly
- Completed reload, in 11.207 seconds
Platform modules already initialized, skipping
Registering precompiled user dll's ...
Registered in 0.002764 seconds.
Begin MonoManager ReloadAssembly
Native extension for WindowsStandalone target not found
Refreshing native plugins compatible for Editor in 48.12 ms, found 1 plugins.
Preloading 0 native plugins for Editor in 0.00 ms.
Invoked RoslynAnalysisRunner static constructor.
RoslynAnalysisRunner will not be running.
RoslynAnalysisRunner has terminated.
Mono: successfully reloaded assembly
- Completed reload, in  1.596 seconds
Platform modules already initialized, skipping
========================================================================
Worker process is ready to serve import requests
Launched and connected shader compiler UnityShaderCompiler.exe after 0.13 seconds
Refreshing native plugins compatible for Editor in 0.37 ms, found 1 plugins.
Preloading 0 native plugins for Editor in 0.00 ms.
Unloading 1799 Unused Serialized files (Serialized files now loaded: 0)
System memory in use before: 87.0 MB.
System memory in use after: 87.0 MB.

Unloading 23 unused Assets to reduce memory usage. Loaded Objects now: 2243.
Total: 2.672600 ms (FindLiveObjects: 0.191500 ms CreateObjectMapping: 0.082900 ms MarkObjects: 2.296900 ms  DeleteObjects: 0.099500 ms)

========================================================================
Received Import Request.
  path: Assets/GameData/Prefab/Fire.prefab
  artifactKey: Guid(732f54aefcdf55b458198db3255dedaa) Importer(815301076,1909f56bfc062723c751e8b465ee728b)
Start importing Assets/GameData/Prefab/Fire.prefab using Guid(732f54aefcdf55b458198db3255dedaa) Importer(815301076,1909f56bfc062723c751e8b465ee728b)  -> (artifact id: '9018fb74b5bc02f5c1ed7f755c4274ee') in 0.247144 seconds
  Import took 0.251410 seconds .

========================================================================
Received Import Request.
  Time since last request: 0.000286 seconds.
  path: Assets/GameData/Prefab/EnemyFire.prefab
  artifactKey: Guid(441061150cdfb6d42b8c3973c3f11b3a) Importer(815301076,1909f56bfc062723c751e8b465ee728b)
Start importing Assets/GameData/Prefab/EnemyFire.prefab using Guid(441061150cdfb6d42b8c3973c3f11b3a) Importer(815301076,1909f56bfc062723c751e8b465ee728b)  -> (artifact id: '5f2fbd735de0d197a3c46110e0d7acf3') in 0.026198 seconds
  Import took 0.032092 seconds .

========================================================================
Received Import Request.
  Time since last request: 21.246348 seconds.
  path: Assets/GameData/Prefab/EnemyFire.prefab
  artifactKey: Guid(441061150cdfb6d42b8c3973c3f11b3a) Importer(815301076,1909f56bfc062723c751e8b465ee728b)
Start importing Assets/GameData/Prefab/EnemyFire.prefab using Guid(441061150cdfb6d42b8c3973c3f11b3a) Importer(815301076,1909f56bfc062723c751e8b465ee728b)  -> (artifact id: '348930d2ff76da7c977fdab3d86c547e') in 0.029289 seconds
  Import took 0.058925 seconds .

========================================================================
Received Import Request.
  Time since last request: 5.479054 seconds.
  path: Assets/GameData/Prefab/Fire.prefab
  artifactKey: Guid(732f54aefcdf55b458198db3255dedaa) Importer(815301076,1909f56bfc062723c751e8b465ee728b)
Start importing Assets/GameData/Prefab/Fire.prefab using Guid(732f54aefcdf55b458198db3255dedaa) Importer(815301076,1909f56bfc062723c751e8b465ee728b)  -> (artifact id: '1252aad7584673ba384841e50ef037dc') in 0.050845 seconds
  Import took 0.058043 seconds .

AssetImportWorkerClient::OnTransportError - code=2 error=End of file
