Using pre-set license
Built from '2020.2/release' branch; Version is '2020.2.0f1 (3721df5a8b28) revision 3613151'; Using compiler version '192528614'; Build Type 'Release'
OS: 'Windows 10  (10.0.0) 64bit' Language: 'ko' Physical Memory: 16317 MB
BatchMode: 1, IsHumanControllingUs: 0, StartBugReporterOnCrash: 0, Is64bit: 1, IsPro: 0

 COMMAND LINE ARGUMENTS:
C:\Program Files\Unity\Hub\Editor\2020.2.0f1\Editor\Unity.exe
-adb2
-batchMode
-noUpm
-name
AssetImportWorker1
-projectPath
C:/Users/yytte/DodgeAndFire
-logFile
Logs/AssetImportWorker1.log
-srvPort
10915
Successfully changed project path to: C:/Users/yytte/DodgeAndFire
C:/Users/yytte/DodgeAndFire
Using Asset Import Pipeline V2.
Refreshing native plugins compatible for Editor in 54.09 ms, found 1 plugins.
Preloading 0 native plugins for Editor in 0.00 ms.
Initialize engine version: 2020.2.0f1 (3721df5a8b28)
[Subsystems] Discovering subsystems at path C:/Program Files/Unity/Hub/Editor/2020.2.0f1/Editor/Data/Resources/UnitySubsystems
[Subsystems] Discovering subsystems at path C:/Users/yytte/DodgeAndFire/Assets
GfxDevice: creating device client; threaded=0
Direct3D:
    Version:  Direct3D 11.0 [level 11.1]
    Renderer: NVIDIA GeForce GTX 1060 6GB (ID=0x1c03)
    Vendor:   
    VRAM:     6052 MB
    Driver:   26.21.14.3200
Initialize mono
Mono path[0] = 'C:/Program Files/Unity/Hub/Editor/2020.2.0f1/Editor/Data/Managed'
Mono path[1] = 'C:/Program Files/Unity/Hub/Editor/2020.2.0f1/Editor/Data/MonoBleedingEdge/lib/mono/unityjit'
Mono config path = 'C:/Program Files/Unity/Hub/Editor/2020.2.0f1/Editor/Data/MonoBleedingEdge/etc'
Using monoOptions --debugger-agent=transport=dt_socket,embedding=1,server=y,suspend=n,address=127.0.0.1:56028
Begin MonoManager ReloadAssembly
Registering precompiled unity dll's ...
Register platform support module: C:/Program Files/Unity/Hub/Editor/2020.2.0f1/Editor/Data/PlaybackEngines/WindowsStandaloneSupport/UnityEditor.WindowsStandalone.Extensions.dll
Registered in 0.004458 seconds.
Native extension for WindowsStandalone target not found
Refreshing native plugins compatible for Editor in 55.76 ms, found 1 plugins.
Preloading 0 native plugins for Editor in 0.00 ms.
Invoked RoslynAnalysisRunner static constructor.
RoslynAnalysisRunner will not be running.
RoslynAnalysisRunner has terminated.
Mono: successfully reloaded assembly
- Completed reload, in  6.741 seconds
Platform modules already initialized, skipping
Registering precompiled user dll's ...
Registered in 0.002364 seconds.
Begin MonoManager ReloadAssembly
Native extension for WindowsStandalone target not found
Refreshing native plugins compatible for Editor in 44.19 ms, found 1 plugins.
Preloading 0 native plugins for Editor in 0.00 ms.
Invoked RoslynAnalysisRunner static constructor.
RoslynAnalysisRunner will not be running.
RoslynAnalysisRunner has terminated.
Mono: successfully reloaded assembly
- Completed reload, in  1.240 seconds
Platform modules already initialized, skipping
========================================================================
Worker process is ready to serve import requests
Launched and connected shader compiler UnityShaderCompiler.exe after 0.13 seconds
Refreshing native plugins compatible for Editor in 0.33 ms, found 1 plugins.
Preloading 0 native plugins for Editor in 0.00 ms.
Unloading 1797 Unused Serialized files (Serialized files now loaded: 0)
System memory in use before: 86.8 MB.
System memory in use after: 86.7 MB.

Unloading 24 unused Assets to reduce memory usage. Loaded Objects now: 2239.
Total: 2.359100 ms (FindLiveObjects: 0.198100 ms CreateObjectMapping: 0.082100 ms MarkObjects: 1.953500 ms  DeleteObjects: 0.123900 ms)

========================================================================
Received Import Request.
  path: Assets/easy UI emerald - default.psd
  artifactKey: Guid(1f758ec661cd10f4b889c713e4d957cf) Importer(815301076,1909f56bfc062723c751e8b465ee728b)
Start importing Assets/easy UI emerald - default.psd using Guid(1f758ec661cd10f4b889c713e4d957cf) Importer(815301076,1909f56bfc062723c751e8b465ee728b)  -> (artifact id: '8abce1fcf20d78b20ff72e42e0f2df30') in 0.200630 seconds
  Import took 0.216165 seconds .

========================================================================
Received Import Request.
  Time since last request: 12.075600 seconds.
  path: Assets/easy UI emerald - default.unity
  artifactKey: Guid(b1c56176553646c429757732476a41c3) Importer(815301076,1909f56bfc062723c751e8b465ee728b)
Start importing Assets/easy UI emerald - default.unity using Guid(b1c56176553646c429757732476a41c3) Importer(815301076,1909f56bfc062723c751e8b465ee728b)  -> (artifact id: 'ec22021577fef758e15784aeba2b6c34') in 0.010224 seconds
  Import took 0.014938 seconds .

========================================================================
Received Import Request.
  Time since last request: 24.893818 seconds.
  path: Assets/resource_default
  artifactKey: Guid(e6131c58805b49749b1d4099358577f7) Importer(815301076,1909f56bfc062723c751e8b465ee728b)
Start importing Assets/resource_default using Guid(e6131c58805b49749b1d4099358577f7) Importer(815301076,1909f56bfc062723c751e8b465ee728b)  -> (artifact id: 'ea0128e82c096a8d367fa31ccf446043') in 0.026051 seconds
  Import took 0.040604 seconds .

========================================================================
Received Import Request.
  Time since last request: 0.034417 seconds.
  path: Assets/resource_default/box_a.png
  artifactKey: Guid(ed3b4c75a68320349a9f4481bab4876c) Importer(815301076,1909f56bfc062723c751e8b465ee728b)
Start importing Assets/resource_default/box_a.png using Guid(ed3b4c75a68320349a9f4481bab4876c) Importer(815301076,1909f56bfc062723c751e8b465ee728b)  -> (artifact id: '5aa9307d04004d1116b50c3be9496aa4') in 0.265915 seconds
  Import took 0.269612 seconds .

========================================================================
Received Import Request.
  Time since last request: 0.000230 seconds.
  path: Assets/resource_default/box_c_02.png
  artifactKey: Guid(e8def83b1cf543e4a9513f7aaa7bd953) Importer(815301076,1909f56bfc062723c751e8b465ee728b)
Start importing Assets/resource_default/box_c_02.png using Guid(e8def83b1cf543e4a9513f7aaa7bd953) Importer(815301076,1909f56bfc062723c751e8b465ee728b)  -> (artifact id: '7eda417920cf436c439c6eb29371d12a') in 0.031778 seconds
  Import took 0.034848 seconds .

========================================================================
Received Import Request.
  Time since last request: 0.000345 seconds.
  path: Assets/resource_default/checkbox_check.png
  artifactKey: Guid(43e17fb59bccf0748b04cccfc220a522) Importer(815301076,1909f56bfc062723c751e8b465ee728b)
Start importing Assets/resource_default/checkbox_check.png using Guid(43e17fb59bccf0748b04cccfc220a522) Importer(815301076,1909f56bfc062723c751e8b465ee728b)  -> (artifact id: '85f7f781d4b0a8b38c4763e3f327c213') in 0.021800 seconds
  Import took 0.025251 seconds .

========================================================================
Received Import Request.
  Time since last request: 0.000465 seconds.
  path: Assets/resource_default/box_b_04.png
  artifactKey: Guid(47b0b6ed20592d74ba2a6d517e877ad2) Importer(815301076,1909f56bfc062723c751e8b465ee728b)
Start importing Assets/resource_default/box_b_04.png using Guid(47b0b6ed20592d74ba2a6d517e877ad2) Importer(815301076,1909f56bfc062723c751e8b465ee728b)  -> (artifact id: '51ada6acaf4eb9172ce5acf339a918e3') in 0.019580 seconds
  Import took 0.023672 seconds .

========================================================================
Received Import Request.
  Time since last request: 0.000270 seconds.
  path: Assets/resource_default/gage_b_fill05.png
  artifactKey: Guid(5f800e8c23f52d9439d7929cf06cd922) Importer(815301076,1909f56bfc062723c751e8b465ee728b)
Start importing Assets/resource_default/gage_b_fill05.png using Guid(5f800e8c23f52d9439d7929cf06cd922) Importer(815301076,1909f56bfc062723c751e8b465ee728b)  -> (artifact id: 'f54e98a93de64e87e7742abc24b9df5d') in 0.026637 seconds
  Import took 0.031455 seconds .

========================================================================
Received Import Request.
  Time since last request: 0.000180 seconds.
  path: Assets/resource_default/box_a_01.png
  artifactKey: Guid(f7420318a046742439fc1f7e0fb33dc7) Importer(815301076,1909f56bfc062723c751e8b465ee728b)
Start importing Assets/resource_default/box_a_01.png using Guid(f7420318a046742439fc1f7e0fb33dc7) Importer(815301076,1909f56bfc062723c751e8b465ee728b)  -> (artifact id: '758b096e4ac0416c4be1ec8027403d12') in 0.027273 seconds
  Import took 0.031562 seconds .

========================================================================
Received Import Request.
  Time since last request: 0.000267 seconds.
  path: Assets/resource_default/box_a_03.png
  artifactKey: Guid(7cd59d7fb38a77f4ca92099e8d101b73) Importer(815301076,1909f56bfc062723c751e8b465ee728b)
Start importing Assets/resource_default/box_a_03.png using Guid(7cd59d7fb38a77f4ca92099e8d101b73) Importer(815301076,1909f56bfc062723c751e8b465ee728b)  -> (artifact id: 'ad6e8e0de8e1574992ccbfe89a223f12') in 0.027991 seconds
  Import took 0.031245 seconds .

========================================================================
Received Import Request.
  Time since last request: 0.000261 seconds.
  path: Assets/resource_default/btn_c_emerald.png
  artifactKey: Guid(7017830725262a140b5d8a3d39a0b11a) Importer(815301076,1909f56bfc062723c751e8b465ee728b)
Start importing Assets/resource_default/btn_c_emerald.png using Guid(7017830725262a140b5d8a3d39a0b11a) Importer(815301076,1909f56bfc062723c751e8b465ee728b)  -> (artifact id: 'eb184d1386a9c60c8be8c763ce59883d') in 0.030973 seconds
  Import took 0.034398 seconds .

========================================================================
Received Import Request.
  Time since last request: 0.000279 seconds.
  path: Assets/resource_default/btn_c_beige.png
  artifactKey: Guid(9c0068a62e7a92d40824e0b03460035a) Importer(815301076,1909f56bfc062723c751e8b465ee728b)
Start importing Assets/resource_default/btn_c_beige.png using Guid(9c0068a62e7a92d40824e0b03460035a) Importer(815301076,1909f56bfc062723c751e8b465ee728b)  -> (artifact id: 'f3d0514ff41f1c33d9baf58bd1869a2b') in 0.031875 seconds
  Import took 0.034995 seconds .

========================================================================
Received Import Request.
  Time since last request: 0.000251 seconds.
  path: Assets/resource_default/btn_b_grey.png
  artifactKey: Guid(d7d480a22b9c1f64bb6d748bf353e45b) Importer(815301076,1909f56bfc062723c751e8b465ee728b)
Start importing Assets/resource_default/btn_b_grey.png using Guid(d7d480a22b9c1f64bb6d748bf353e45b) Importer(815301076,1909f56bfc062723c751e8b465ee728b)  -> (artifact id: 'f1169f004ee508ff62a907265a7f4ab4') in 0.027628 seconds
  Import took 0.032461 seconds .

========================================================================
Received Import Request.
  Time since last request: 0.000388 seconds.
  path: Assets/resource_default/box_b.png
  artifactKey: Guid(7ff78b329f164464ea5df9a3227b3f0d) Importer(815301076,1909f56bfc062723c751e8b465ee728b)
Start importing Assets/resource_default/box_b.png using Guid(7ff78b329f164464ea5df9a3227b3f0d) Importer(815301076,1909f56bfc062723c751e8b465ee728b)  -> (artifact id: '551688127c04780b1341d63d56178b7f') in 0.033729 seconds
  Import took 0.039957 seconds .

========================================================================
Received Import Request.
  Time since last request: 0.000198 seconds.
  path: Assets/resource_default/btn_a_red.png
  artifactKey: Guid(74976faeb568f074d9f1a4df7ca78d18) Importer(815301076,1909f56bfc062723c751e8b465ee728b)
Start importing Assets/resource_default/btn_a_red.png using Guid(74976faeb568f074d9f1a4df7ca78d18) Importer(815301076,1909f56bfc062723c751e8b465ee728b)  -> (artifact id: 'cf2525d46eca4eaa269208458441ddc7') in 0.036007 seconds
  Import took 0.041198 seconds .

========================================================================
Received Import Request.
  Time since last request: 0.000276 seconds.
  path: Assets/resource_default/gage_b_fill01.png
  artifactKey: Guid(9df81246e4df1154cb8d7410d2af7e84) Importer(815301076,1909f56bfc062723c751e8b465ee728b)
Start importing Assets/resource_default/gage_b_fill01.png using Guid(9df81246e4df1154cb8d7410d2af7e84) Importer(815301076,1909f56bfc062723c751e8b465ee728b)  -> (artifact id: 'aabd22d002dbd6df3e4e65d4d62ea717') in 0.030321 seconds
  Import took 0.036164 seconds .

========================================================================
Received Import Request.
  Time since last request: 0.000288 seconds.
  path: Assets/resource_default/btn_b_emerald.png
  artifactKey: Guid(e6d0e297e4512fe4b8e8fe357714a52f) Importer(815301076,1909f56bfc062723c751e8b465ee728b)
Start importing Assets/resource_default/btn_b_emerald.png using Guid(e6d0e297e4512fe4b8e8fe357714a52f) Importer(815301076,1909f56bfc062723c751e8b465ee728b)  -> (artifact id: '64a55938aa74c0ffd15a415214e6e529') in 0.024786 seconds
  Import took 0.032764 seconds .

========================================================================
Received Import Request.
  Time since last request: 0.000259 seconds.
  path: Assets/resource_default/gage_b_fill02.png
  artifactKey: Guid(bcb5b4fb84e360f4ab517305cc7ea5ab) Importer(815301076,1909f56bfc062723c751e8b465ee728b)
Start importing Assets/resource_default/gage_b_fill02.png using Guid(bcb5b4fb84e360f4ab517305cc7ea5ab) Importer(815301076,1909f56bfc062723c751e8b465ee728b)  -> (artifact id: 'aa442410b4bdcd98678799f76c37da17') in 0.022945 seconds
  Import took 0.029532 seconds .

========================================================================
Received Import Request.
  Time since last request: 0.000294 seconds.
  path: Assets/resource_default/gage_b_fill04.png
  artifactKey: Guid(74eea1e5ac116724fad3c1971b35589c) Importer(815301076,1909f56bfc062723c751e8b465ee728b)
Start importing Assets/resource_default/gage_b_fill04.png using Guid(74eea1e5ac116724fad3c1971b35589c) Importer(815301076,1909f56bfc062723c751e8b465ee728b)  -> (artifact id: '98ca5bc48157742c57ddf7399532595e') in 0.028667 seconds
  Import took 0.033153 seconds .

========================================================================
Received Import Request.
  Time since last request: 0.000260 seconds.
  path: Assets/resource_default/gage_b_empty.png
  artifactKey: Guid(f6c1dea84b7a31e4b81d0f719c477e2e) Importer(815301076,1909f56bfc062723c751e8b465ee728b)
Start importing Assets/resource_default/gage_b_empty.png using Guid(f6c1dea84b7a31e4b81d0f719c477e2e) Importer(815301076,1909f56bfc062723c751e8b465ee728b)  -> (artifact id: 'c001798fc3fd01486d10aad218fc02e9') in 0.040410 seconds
  Import took 0.050047 seconds .

========================================================================
Received Import Request.
  Time since last request: 0.000252 seconds.
  path: Assets/resource_default/innerbox_a.png
  artifactKey: Guid(d987d57fd92b64048bbfeee60e636663) Importer(815301076,1909f56bfc062723c751e8b465ee728b)
Start importing Assets/resource_default/innerbox_a.png using Guid(d987d57fd92b64048bbfeee60e636663) Importer(815301076,1909f56bfc062723c751e8b465ee728b)  -> (artifact id: '0b68144bd4958a86a6777b4409e31ebe') in 0.028287 seconds
  Import took 0.039010 seconds .

========================================================================
Received Import Request.
  Time since last request: 0.000086 seconds.
  path: Assets/resource_default/btn_a_emerald.png
  artifactKey: Guid(e87e973aa97e2cf41885259822725eb5) Importer(815301076,1909f56bfc062723c751e8b465ee728b)
Start importing Assets/resource_default/btn_a_emerald.png using Guid(e87e973aa97e2cf41885259822725eb5) Importer(815301076,1909f56bfc062723c751e8b465ee728b)  -> (artifact id: '324711655a468a281a1de8cfd7730221') in 0.037910 seconds
  Import took 0.042751 seconds .

========================================================================
Received Import Request.
  Time since last request: 0.000259 seconds.
  path: Assets/resource_default/btn_a_grey.png
  artifactKey: Guid(e0b63f1cfe110994ba2ad2de0e5292de) Importer(815301076,1909f56bfc062723c751e8b465ee728b)
Start importing Assets/resource_default/btn_a_grey.png using Guid(e0b63f1cfe110994ba2ad2de0e5292de) Importer(815301076,1909f56bfc062723c751e8b465ee728b)  -> (artifact id: '62de8ff85a8f5046f155551b696d46ac') in 0.040258 seconds
  Import took 0.049830 seconds .

========================================================================
Received Import Request.
  Time since last request: 0.000099 seconds.
  path: Assets/resource_default/innerbox_a_btn_01.png
  artifactKey: Guid(34d3404d20b7a8245b1fac6e7855b705) Importer(815301076,1909f56bfc062723c751e8b465ee728b)
Start importing Assets/resource_default/innerbox_a_btn_01.png using Guid(34d3404d20b7a8245b1fac6e7855b705) Importer(815301076,1909f56bfc062723c751e8b465ee728b)  -> (artifact id: '1f8fbc7483eaf7a4364a810edaedb687') in 0.044726 seconds
  Import took 0.058012 seconds .

========================================================================
Received Import Request.
  Time since last request: 0.000329 seconds.
  path: Assets/resource_default/btn_a_beige.png
  artifactKey: Guid(8e8051156b4decf4693f0648a48b3fc9) Importer(815301076,1909f56bfc062723c751e8b465ee728b)
Start importing Assets/resource_default/btn_a_beige.png using Guid(8e8051156b4decf4693f0648a48b3fc9) Importer(815301076,1909f56bfc062723c751e8b465ee728b)  -> (artifact id: '7d4b3af8d36a95355fc45bc9087b2ea8') in 0.033374 seconds
  Import took 0.041465 seconds .

========================================================================
Received Import Request.
  Time since last request: 0.000281 seconds.
  path: Assets/resource_default/box_c_04.png
  artifactKey: Guid(03262c876f6187b4f91fe5239e698673) Importer(815301076,1909f56bfc062723c751e8b465ee728b)
Start importing Assets/resource_default/box_c_04.png using Guid(03262c876f6187b4f91fe5239e698673) Importer(815301076,1909f56bfc062723c751e8b465ee728b)  -> (artifact id: 'd2070e4ef21cd6d6f9d1a26b3541e5b2') in 0.034142 seconds
  Import took 0.051751 seconds .

========================================================================
Received Import Request.
  Time since last request: 0.002940 seconds.
  path: Assets/resource_default/gage_b_fill07.png
  artifactKey: Guid(3e5237d08b3a99a459942236eb0532f0) Importer(815301076,1909f56bfc062723c751e8b465ee728b)
Start importing Assets/resource_default/gage_b_fill07.png using Guid(3e5237d08b3a99a459942236eb0532f0) Importer(815301076,1909f56bfc062723c751e8b465ee728b)  -> (artifact id: 'c3a092b5db36fc7a05f9f95b6655c6e2') in 0.020852 seconds
  Import took 0.049656 seconds .

========================================================================
Received Import Request.
  Time since last request: 0.000296 seconds.
  path: Assets/resource_default/box_b_02.png
  artifactKey: Guid(4b1885f5416f3c741ac0815952921840) Importer(815301076,1909f56bfc062723c751e8b465ee728b)
Start importing Assets/resource_default/box_b_02.png using Guid(4b1885f5416f3c741ac0815952921840) Importer(815301076,1909f56bfc062723c751e8b465ee728b)  -> (artifact id: '50f89057c0f8e4fd76075d26965253cc') in 0.033924 seconds
  Import took 0.042778 seconds .

========================================================================
Received Import Request.
  Time since last request: 0.000261 seconds.
  path: Assets/resource_default/divider_a.png
  artifactKey: Guid(e460759783bc11a40b0b706688151e1e) Importer(815301076,1909f56bfc062723c751e8b465ee728b)
Start importing Assets/resource_default/divider_a.png using Guid(e460759783bc11a40b0b706688151e1e) Importer(815301076,1909f56bfc062723c751e8b465ee728b)  -> (artifact id: 'e349e9d02a8191874df0f116d879a9d5') in 0.076542 seconds
  Import took 0.080623 seconds .

========================================================================
Received Import Request.
  Time since last request: 0.000308 seconds.
  path: Assets/resource_default/box_b_01.png
  artifactKey: Guid(a4b88956494e64a4a896b1e2e09d76aa) Importer(815301076,1909f56bfc062723c751e8b465ee728b)
Start importing Assets/resource_default/box_b_01.png using Guid(a4b88956494e64a4a896b1e2e09d76aa) Importer(815301076,1909f56bfc062723c751e8b465ee728b)  -> (artifact id: 'b522eab8be4110cb725ab1c01bb5542f') in 0.032256 seconds
  Import took 0.038002 seconds .

========================================================================
Received Import Request.
  Time since last request: 0.000292 seconds.
  path: Assets/resource_default/icon_arrowdown.png
  artifactKey: Guid(031411cfd15824643a4ccdedb8d36bc2) Importer(815301076,1909f56bfc062723c751e8b465ee728b)
Start importing Assets/resource_default/icon_arrowdown.png using Guid(031411cfd15824643a4ccdedb8d36bc2) Importer(815301076,1909f56bfc062723c751e8b465ee728b)  -> (artifact id: 'b5ba8d1313cc399e9ba50b907e61bb7c') in 0.023583 seconds
  Import took 0.028926 seconds .

========================================================================
Received Import Request.
  Time since last request: 0.000255 seconds.
  path: Assets/resource_default/btn_c_red.png
  artifactKey: Guid(dfe0f8b3b8f11c54d94569c6e1326583) Importer(815301076,1909f56bfc062723c751e8b465ee728b)
Start importing Assets/resource_default/btn_c_red.png using Guid(dfe0f8b3b8f11c54d94569c6e1326583) Importer(815301076,1909f56bfc062723c751e8b465ee728b)  -> (artifact id: '5f9de79db9e63283a9dffdf71b27ed85') in 0.021993 seconds
  Import took 0.025302 seconds .

========================================================================
Received Import Request.
  Time since last request: 0.000417 seconds.
  path: Assets/resource_default/gage_a_empty.png
  artifactKey: Guid(2a7229b8854f44e468f330c2cfe50c8d) Importer(815301076,1909f56bfc062723c751e8b465ee728b)
Start importing Assets/resource_default/gage_a_empty.png using Guid(2a7229b8854f44e468f330c2cfe50c8d) Importer(815301076,1909f56bfc062723c751e8b465ee728b)  -> (artifact id: '2ff57bae2408202b23d996762c147a2d') in 0.017841 seconds
  Import took 0.021472 seconds .

========================================================================
Received Import Request.
  Time since last request: 0.000318 seconds.
  path: Assets/resource_default/gage_b_fill_progress.png
  artifactKey: Guid(3ce5d913607d46846a0812d1b479e3d5) Importer(815301076,1909f56bfc062723c751e8b465ee728b)
Start importing Assets/resource_default/gage_b_fill_progress.png using Guid(3ce5d913607d46846a0812d1b479e3d5) Importer(815301076,1909f56bfc062723c751e8b465ee728b)  -> (artifact id: '90d600ee5644b98d7a537644fa579b70') in 0.019142 seconds
  Import took 0.023190 seconds .

========================================================================
Received Import Request.
  Time since last request: 0.002803 seconds.
  path: Assets/resource_default/btn_b_red.png
  artifactKey: Guid(0a1a18af546cb004db55d57b6559928b) Importer(815301076,1909f56bfc062723c751e8b465ee728b)
Start importing Assets/resource_default/btn_b_red.png using Guid(0a1a18af546cb004db55d57b6559928b) Importer(815301076,1909f56bfc062723c751e8b465ee728b)  -> (artifact id: 'fc023c6561ab943a23dde25a2529d5f3') in 0.023396 seconds
  Import took 0.027043 seconds .

========================================================================
Received Import Request.
  Time since last request: 0.000279 seconds.
  path: Assets/resource_default/box_a_04.png
  artifactKey: Guid(0b216ed8876b73945ad75ea6feaba010) Importer(815301076,1909f56bfc062723c751e8b465ee728b)
Start importing Assets/resource_default/box_a_04.png using Guid(0b216ed8876b73945ad75ea6feaba010) Importer(815301076,1909f56bfc062723c751e8b465ee728b)  -> (artifact id: '5f2c0821dbe739638d20fa81da45181a') in 0.020966 seconds
  Import took 0.024986 seconds .

========================================================================
Received Import Request.
  Time since last request: 0.000272 seconds.
  path: Assets/resource_default/gage_b_fill06.png
  artifactKey: Guid(9e2d10e868bfcc2459840cd98bcfde42) Importer(815301076,1909f56bfc062723c751e8b465ee728b)
Start importing Assets/resource_default/gage_b_fill06.png using Guid(9e2d10e868bfcc2459840cd98bcfde42) Importer(815301076,1909f56bfc062723c751e8b465ee728b)  -> (artifact id: '71027080e88b30a6613f1669681a4f26') in 0.036122 seconds
  Import took 0.047388 seconds .

========================================================================
Received Import Request.
  Time since last request: 0.000105 seconds.
  path: Assets/resource_default/box_c_01.png
  artifactKey: Guid(2416bf88655c40c40adc903253fb2ba1) Importer(815301076,1909f56bfc062723c751e8b465ee728b)
Start importing Assets/resource_default/box_c_01.png using Guid(2416bf88655c40c40adc903253fb2ba1) Importer(815301076,1909f56bfc062723c751e8b465ee728b)  -> (artifact id: 'b5bee871252627c1a9d33ef3977fd1b6') in 0.035279 seconds
  Import took 0.045613 seconds .

========================================================================
Received Import Request.
  Time since last request: 0.000277 seconds.
  path: Assets/resource_default/btn_c_grey.png
  artifactKey: Guid(6e66bb159c14d844580544244bf0d9d5) Importer(815301076,1909f56bfc062723c751e8b465ee728b)
Start importing Assets/resource_default/btn_c_grey.png using Guid(6e66bb159c14d844580544244bf0d9d5) Importer(815301076,1909f56bfc062723c751e8b465ee728b)  -> (artifact id: '5f8027ed3f1f5a0c312689aa0b5dd430') in 0.035609 seconds
  Import took 0.040699 seconds .

========================================================================
Received Import Request.
  Time since last request: 0.000304 seconds.
  path: Assets/resource_default/innerbox_a_btn_02.png
  artifactKey: Guid(49eaf0cf4f54e7a4ab865811163498e6) Importer(815301076,1909f56bfc062723c751e8b465ee728b)
Start importing Assets/resource_default/innerbox_a_btn_02.png using Guid(49eaf0cf4f54e7a4ab865811163498e6) Importer(815301076,1909f56bfc062723c751e8b465ee728b)  -> (artifact id: 'becc3a6fa717775c34a2f1afbf1999cc') in 0.027661 seconds
  Import took 0.031678 seconds .

========================================================================
Received Import Request.
  Time since last request: 0.000120 seconds.
  path: Assets/resource_default/box_b_03.png
  artifactKey: Guid(cd5efc45d507a414c81bd895a5528a0b) Importer(815301076,1909f56bfc062723c751e8b465ee728b)
Start importing Assets/resource_default/box_b_03.png using Guid(cd5efc45d507a414c81bd895a5528a0b) Importer(815301076,1909f56bfc062723c751e8b465ee728b)  -> (artifact id: 'bba2ee5bc61ed7e284c03b8cd59f32ad') in 0.032204 seconds
  Import took 0.039224 seconds .

========================================================================
Received Import Request.
  Time since last request: 0.000264 seconds.
  path: Assets/resource_default/btn_b_beige.png
  artifactKey: Guid(57910dcde21e44c48b55d6eb96005e38) Importer(815301076,1909f56bfc062723c751e8b465ee728b)
Start importing Assets/resource_default/btn_b_beige.png using Guid(57910dcde21e44c48b55d6eb96005e38) Importer(815301076,1909f56bfc062723c751e8b465ee728b)  -> (artifact id: 'e29502a65f3503ede292d8867924bb28') in 0.033625 seconds
  Import took 0.039621 seconds .

========================================================================
Received Import Request.
  Time since last request: 0.000307 seconds.
  path: Assets/resource_default/gage_b_fill08.png
  artifactKey: Guid(d40499526caa6e243958c6071f4d5b0f) Importer(815301076,1909f56bfc062723c751e8b465ee728b)
Start importing Assets/resource_default/gage_b_fill08.png using Guid(d40499526caa6e243958c6071f4d5b0f) Importer(815301076,1909f56bfc062723c751e8b465ee728b)  -> (artifact id: 'ea75a95d2a96b2f27e5a30db68685053') in 0.025922 seconds
  Import took 0.032868 seconds .

========================================================================
Received Import Request.
  Time since last request: 0.000312 seconds.
  path: Assets/resource_default/innerbox_a_btn.png
  artifactKey: Guid(4dc79b73247092e4ab1b277f39e3f809) Importer(815301076,1909f56bfc062723c751e8b465ee728b)
Start importing Assets/resource_default/innerbox_a_btn.png using Guid(4dc79b73247092e4ab1b277f39e3f809) Importer(815301076,1909f56bfc062723c751e8b465ee728b)  -> (artifact id: 'f99a63024f73cc98a3c14c9126cd1d4a') in 0.027639 seconds
  Import took 0.036043 seconds .

========================================================================
Received Import Request.
  Time since last request: 0.000288 seconds.
  path: Assets/resource_default/box_c_03.png
  artifactKey: Guid(4acc179c0277ddf4fa72e6d397096d84) Importer(815301076,1909f56bfc062723c751e8b465ee728b)
Start importing Assets/resource_default/box_c_03.png using Guid(4acc179c0277ddf4fa72e6d397096d84) Importer(815301076,1909f56bfc062723c751e8b465ee728b)  -> (artifact id: 'b8be35a77cced0ce9e0e8fb4c1021f54') in 0.020769 seconds
  Import took 0.024890 seconds .

========================================================================
Received Import Request.
  Time since last request: 0.000294 seconds.
  path: Assets/resource_default/box_a_02.png
  artifactKey: Guid(cdcc1931095dc8544b4ab733bf2b3fde) Importer(815301076,1909f56bfc062723c751e8b465ee728b)
Start importing Assets/resource_default/box_a_02.png using Guid(cdcc1931095dc8544b4ab733bf2b3fde) Importer(815301076,1909f56bfc062723c751e8b465ee728b)  -> (artifact id: '8f7602e045302be93d2a457dd0d9fd45') in 0.024459 seconds
  Import took 0.031459 seconds .

========================================================================
Received Import Request.
  Time since last request: 0.000274 seconds.
  path: Assets/resource_default/checkbox_blank.png
  artifactKey: Guid(32f25fd44c295474483ad5f89d5863fb) Importer(815301076,1909f56bfc062723c751e8b465ee728b)
Start importing Assets/resource_default/checkbox_blank.png using Guid(32f25fd44c295474483ad5f89d5863fb) Importer(815301076,1909f56bfc062723c751e8b465ee728b)  -> (artifact id: 'f9283672b94f001c1c2615acc9e5924c') in 0.030896 seconds
  Import took 0.035484 seconds .

========================================================================
Received Import Request.
  Time since last request: 0.000637 seconds.
  path: Assets/resource_default/gage_b_fill03.png
  artifactKey: Guid(52351609d8e630847acd8fd9a9c40c89) Importer(815301076,1909f56bfc062723c751e8b465ee728b)
Start importing Assets/resource_default/gage_b_fill03.png using Guid(52351609d8e630847acd8fd9a9c40c89) Importer(815301076,1909f56bfc062723c751e8b465ee728b)  -> (artifact id: 'a32ba7a3478c5d7aafbbec96a2b67f0d') in 0.038619 seconds
  Import took 0.045231 seconds .

========================================================================
Received Import Request.
  Time since last request: 0.000227 seconds.
  path: Assets/resource_default/box_c.png
  artifactKey: Guid(7b03ca51eb13fef46ad379e25bc1bb4b) Importer(815301076,1909f56bfc062723c751e8b465ee728b)
Start importing Assets/resource_default/box_c.png using Guid(7b03ca51eb13fef46ad379e25bc1bb4b) Importer(815301076,1909f56bfc062723c751e8b465ee728b)  -> (artifact id: 'c7b0af6700e2386b03684dd5c0cce5f2') in 0.025590 seconds
  Import took 0.032813 seconds .

========================================================================
Received Import Request.
  Time since last request: 1.916359 seconds.
  path: Assets/resource_default/innerbox_a_btn_03.png
  artifactKey: Guid(e5436bf6647d2f540b4dc774bf27593e) Importer(815301076,1909f56bfc062723c751e8b465ee728b)
Start importing Assets/resource_default/innerbox_a_btn_03.png using Guid(e5436bf6647d2f540b4dc774bf27593e) Importer(815301076,1909f56bfc062723c751e8b465ee728b)  -> (artifact id: '669c1ca5dc1e6a86d803c087a3219176') in 0.015172 seconds
  Import took 0.020134 seconds .

========================================================================
Received Import Request.
  Time since last request: 0.000527 seconds.
  path: Assets/resource_default/point_beige.png
  artifactKey: Guid(e73dd9c018a08e74e9e3b6b52eba48b4) Importer(815301076,1909f56bfc062723c751e8b465ee728b)
Start importing Assets/resource_default/point_beige.png using Guid(e73dd9c018a08e74e9e3b6b52eba48b4) Importer(815301076,1909f56bfc062723c751e8b465ee728b)  -> (artifact id: '653081359d6faa4108464e97cc079052') in 0.028103 seconds
  Import took 0.035916 seconds .

========================================================================
Received Import Request.
  Time since last request: 0.000376 seconds.
  path: Assets/resource_default/innerbox_a_btn_04.png
  artifactKey: Guid(ff3db5d915c96184ea06e6aff8c7240a) Importer(815301076,1909f56bfc062723c751e8b465ee728b)
Start importing Assets/resource_default/innerbox_a_btn_04.png using Guid(ff3db5d915c96184ea06e6aff8c7240a) Importer(815301076,1909f56bfc062723c751e8b465ee728b)  -> (artifact id: '1ee376093d776a070ad65e66010bacd2') in 0.048407 seconds
  Import took 0.052134 seconds .

========================================================================
Received Import Request.
  Time since last request: 0.000294 seconds.
  path: Assets/resource_default/radio_check.png
  artifactKey: Guid(df907ac5977a0d543a06e726893e2c9e) Importer(815301076,1909f56bfc062723c751e8b465ee728b)
Start importing Assets/resource_default/radio_check.png using Guid(df907ac5977a0d543a06e726893e2c9e) Importer(815301076,1909f56bfc062723c751e8b465ee728b)  -> (artifact id: 'c29e0c434a7065b74434b071983f53e6') in 0.033687 seconds
  Import took 0.039612 seconds .

========================================================================
Received Import Request.
  Time since last request: 0.000385 seconds.
  path: Assets/resource_default/textinput_a.png
  artifactKey: Guid(e4430d406d9e002418f1d3cf864fb0ff) Importer(815301076,1909f56bfc062723c751e8b465ee728b)
Start importing Assets/resource_default/textinput_a.png using Guid(e4430d406d9e002418f1d3cf864fb0ff) Importer(815301076,1909f56bfc062723c751e8b465ee728b)  -> (artifact id: '0141e90eb6415a4ab64b746e98a8d41e') in 0.044296 seconds
  Import took 0.050341 seconds .

========================================================================
Received Import Request.
  Time since last request: 0.000340 seconds.
  path: Assets/resource_default/radio_blank.png
  artifactKey: Guid(cd34ff269b1774d4a914fd2ad1a6f428) Importer(815301076,1909f56bfc062723c751e8b465ee728b)
Start importing Assets/resource_default/radio_blank.png using Guid(cd34ff269b1774d4a914fd2ad1a6f428) Importer(815301076,1909f56bfc062723c751e8b465ee728b)  -> (artifact id: 'ea5b834447b3b0c978b7d9f152aa5b1e') in 0.031234 seconds
  Import took 0.039480 seconds .

========================================================================
Received Import Request.
  Time since last request: 10486.856614 seconds.
  path: Assets/Scenes/SampleScene.unity
  artifactKey: Guid(2cda990e2423bbf4892e6590ba056729) Importer(815301076,1909f56bfc062723c751e8b465ee728b)
Start importing Assets/Scenes/SampleScene.unity using Guid(2cda990e2423bbf4892e6590ba056729) Importer(815301076,1909f56bfc062723c751e8b465ee728b)  -> (artifact id: 'b7634d61b0f982eca25cd22e74c0c0d4') in 0.017681 seconds
  Import took 0.033735 seconds .

========================================================================
Received Import Request.
  Time since last request: 422.476704 seconds.
  path: Assets/resource_default/gage_b_fill04.png
  artifactKey: Guid(74eea1e5ac116724fad3c1971b35589c) Importer(815301076,1909f56bfc062723c751e8b465ee728b)
Start importing Assets/resource_default/gage_b_fill04.png using Guid(74eea1e5ac116724fad3c1971b35589c) Importer(815301076,1909f56bfc062723c751e8b465ee728b)  -> (artifact id: '58a7ad0c6b1326cd71465b739b59dc11') in 0.047745 seconds
  Import took 0.054014 seconds .

========================================================================
Received Import Request.
  Time since last request: 23.585745 seconds.
  path: Assets/resource_default/gage_b_fill04.png
  artifactKey: Guid(74eea1e5ac116724fad3c1971b35589c) Importer(815301076,1909f56bfc062723c751e8b465ee728b)
Start importing Assets/resource_default/gage_b_fill04.png using Guid(74eea1e5ac116724fad3c1971b35589c) Importer(815301076,1909f56bfc062723c751e8b465ee728b)  -> (artifact id: '8963711552d1eec7ab80c58008bebfd0') in 0.032468 seconds
  Import took 0.037527 seconds .

========================================================================
Received Import Request.
  Time since last request: 138.510554 seconds.
  path: Assets/resource_default/gage_b_fill04.png
  artifactKey: Guid(74eea1e5ac116724fad3c1971b35589c) Importer(815301076,1909f56bfc062723c751e8b465ee728b)
Start importing Assets/resource_default/gage_b_fill04.png using Guid(74eea1e5ac116724fad3c1971b35589c) Importer(815301076,1909f56bfc062723c751e8b465ee728b)  -> (artifact id: '0d167634d3cf7fa6484258109ba4f148') in 0.018421 seconds
  Import took 0.022493 seconds .

========================================================================
Received Import Request.
  Time since last request: 5.339586 seconds.
  path: Assets/resource_default/gage_b_fill04.png
  artifactKey: Guid(74eea1e5ac116724fad3c1971b35589c) Importer(815301076,1909f56bfc062723c751e8b465ee728b)
Start importing Assets/resource_default/gage_b_fill04.png using Guid(74eea1e5ac116724fad3c1971b35589c) Importer(815301076,1909f56bfc062723c751e8b465ee728b)  -> (artifact id: '4c760e63ec64716f39983db03354b13d') in 0.017542 seconds
  Import took 0.022643 seconds .

========================================================================
Received Import Request.
  Time since last request: 507.280843 seconds.
  path: Assets/resource_default/gage_b_fill04.png
  artifactKey: Guid(74eea1e5ac116724fad3c1971b35589c) Importer(815301076,1909f56bfc062723c751e8b465ee728b)
Start importing Assets/resource_default/gage_b_fill04.png using Guid(74eea1e5ac116724fad3c1971b35589c) Importer(815301076,1909f56bfc062723c751e8b465ee728b)  -> (artifact id: 'c06b8e4f8b2b0a0ff985f79ffa58fb97') in 0.045594 seconds
  Import took 0.066155 seconds .

========================================================================
Received Import Request.
  Time since last request: 689.296356 seconds.
  path: Assets/resource_default/gage_b_fill04.png
  artifactKey: Guid(74eea1e5ac116724fad3c1971b35589c) Importer(815301076,1909f56bfc062723c751e8b465ee728b)
Start importing Assets/resource_default/gage_b_fill04.png using Guid(74eea1e5ac116724fad3c1971b35589c) Importer(815301076,1909f56bfc062723c751e8b465ee728b)  -> (artifact id: 'a6101e8e06cc4e05f877b7e76ccbf542') in 0.021395 seconds
  Import took 0.025730 seconds .

========================================================================
Received Import Request.
  Time since last request: 23.458633 seconds.
  path: Assets/resource_default/gage_b_fill04.png
  artifactKey: Guid(74eea1e5ac116724fad3c1971b35589c) Importer(815301076,1909f56bfc062723c751e8b465ee728b)
Start importing Assets/resource_default/gage_b_fill04.png using Guid(74eea1e5ac116724fad3c1971b35589c) Importer(815301076,1909f56bfc062723c751e8b465ee728b)  -> (artifact id: 'b15b5a2b11d9bc4fc2c30797406a02db') in 0.022700 seconds
  Import took 0.026523 seconds .

========================================================================
Received Import Request.
  Time since last request: 74.740681 seconds.
  path: Assets/resource_default/gage_b_fill04.png
  artifactKey: Guid(74eea1e5ac116724fad3c1971b35589c) Importer(815301076,1909f56bfc062723c751e8b465ee728b)
Start importing Assets/resource_default/gage_b_fill04.png using Guid(74eea1e5ac116724fad3c1971b35589c) Importer(815301076,1909f56bfc062723c751e8b465ee728b)  -> (artifact id: '5bc260b9c3eec2e8de3b645d7f2ce7a1') in 0.028706 seconds
  Import took 0.037944 seconds .

========================================================================
Received Import Request.
  Time since last request: 88.892342 seconds.
  path: Assets/resource_default/btn_a_red.png
  artifactKey: Guid(74976faeb568f074d9f1a4df7ca78d18) Importer(815301076,1909f56bfc062723c751e8b465ee728b)
Start importing Assets/resource_default/btn_a_red.png using Guid(74976faeb568f074d9f1a4df7ca78d18) Importer(815301076,1909f56bfc062723c751e8b465ee728b)  -> (artifact id: '44ead0dcd6d83a0bf31a50ba959fd189') in 0.033724 seconds
  Import took 0.039884 seconds .

========================================================================
Received Prepare
Registering precompiled user dll's ...
Registered in 0.002299 seconds.
Begin MonoManager ReloadAssembly
Native extension for WindowsStandalone target not found
Refreshing native plugins compatible for Editor in 0.44 ms, found 1 plugins.
Preloading 0 native plugins for Editor in 0.00 ms.
Invoked RoslynAnalysisRunner static constructor.
RoslynAnalysisRunner will not be running.
RoslynAnalysisRunner has terminated.
Mono: successfully reloaded assembly
- Completed reload, in  2.052 seconds
Platform modules already initialized, skipping
Refreshing native plugins compatible for Editor in 0.35 ms, found 1 plugins.
Preloading 0 native plugins for Editor in 0.00 ms.
Unloading 1794 Unused Serialized files (Serialized files now loaded: 0)
System memory in use before: 90.0 MB.
System memory in use after: 89.9 MB.

Unloading 12 unused Assets to reduce memory usage. Loaded Objects now: 2276.
Total: 2.290500 ms (FindLiveObjects: 0.174900 ms CreateObjectMapping: 0.067300 ms MarkObjects: 1.962800 ms  DeleteObjects: 0.083900 ms)

========================================================================
Received Prepare
Registering precompiled user dll's ...
Registered in 0.002609 seconds.
Begin MonoManager ReloadAssembly
Native extension for WindowsStandalone target not found
Refreshing native plugins compatible for Editor in 0.33 ms, found 1 plugins.
Preloading 0 native plugins for Editor in 0.00 ms.
Invoked RoslynAnalysisRunner static constructor.
RoslynAnalysisRunner will not be running.
RoslynAnalysisRunner has terminated.
Mono: successfully reloaded assembly
- Completed reload, in  1.150 seconds
Platform modules already initialized, skipping
Refreshing native plugins compatible for Editor in 0.46 ms, found 1 plugins.
Preloading 0 native plugins for Editor in 0.00 ms.
Unloading 1795 Unused Serialized files (Serialized files now loaded: 0)
System memory in use before: 90.1 MB.
System memory in use after: 90.1 MB.

Unloading 12 unused Assets to reduce memory usage. Loaded Objects now: 2279.
Total: 1.864000 ms (FindLiveObjects: 0.169300 ms CreateObjectMapping: 0.064200 ms MarkObjects: 1.537600 ms  DeleteObjects: 0.091000 ms)

========================================================================
Received Prepare
Registering precompiled user dll's ...
Registered in 0.003731 seconds.
Begin MonoManager ReloadAssembly
Native extension for WindowsStandalone target not found
Refreshing native plugins compatible for Editor in 0.43 ms, found 1 plugins.
Preloading 0 native plugins for Editor in 0.00 ms.
Invoked RoslynAnalysisRunner static constructor.
RoslynAnalysisRunner will not be running.
RoslynAnalysisRunner has terminated.
Mono: successfully reloaded assembly
- Completed reload, in  1.239 seconds
Platform modules already initialized, skipping
Refreshing native plugins compatible for Editor in 0.34 ms, found 1 plugins.
Preloading 0 native plugins for Editor in 0.00 ms.
Unloading 1796 Unused Serialized files (Serialized files now loaded: 0)
System memory in use before: 90.2 MB.
System memory in use after: 90.2 MB.

Unloading 12 unused Assets to reduce memory usage. Loaded Objects now: 2283.
Total: 2.355500 ms (FindLiveObjects: 0.185400 ms CreateObjectMapping: 0.075900 ms MarkObjects: 2.002400 ms  DeleteObjects: 0.090300 ms)

========================================================================
Received Prepare
Registering precompiled user dll's ...
Registered in 0.013219 seconds.
Begin MonoManager ReloadAssembly
Native extension for WindowsStandalone target not found
Refreshing native plugins compatible for Editor in 0.48 ms, found 1 plugins.
Preloading 0 native plugins for Editor in 0.00 ms.
Invoked RoslynAnalysisRunner static constructor.
RoslynAnalysisRunner will not be running.
RoslynAnalysisRunner has terminated.
Mono: successfully reloaded assembly
- Completed reload, in  1.646 seconds
Platform modules already initialized, skipping
Refreshing native plugins compatible for Editor in 0.35 ms, found 1 plugins.
Preloading 0 native plugins for Editor in 0.00 ms.
Unloading 1796 Unused Serialized files (Serialized files now loaded: 0)
System memory in use before: 90.2 MB.
System memory in use after: 90.2 MB.

Unloading 12 unused Assets to reduce memory usage. Loaded Objects now: 2286.
Total: 2.355500 ms (FindLiveObjects: 0.180400 ms CreateObjectMapping: 0.069000 ms MarkObjects: 1.993700 ms  DeleteObjects: 0.110900 ms)

========================================================================
Received Prepare
Registering precompiled user dll's ...
Registered in 0.002403 seconds.
Begin MonoManager ReloadAssembly
Native extension for WindowsStandalone target not found
Refreshing native plugins compatible for Editor in 0.34 ms, found 1 plugins.
Preloading 0 native plugins for Editor in 0.00 ms.
Invoked RoslynAnalysisRunner static constructor.
RoslynAnalysisRunner will not be running.
RoslynAnalysisRunner has terminated.
Mono: successfully reloaded assembly
- Completed reload, in  1.758 seconds
Platform modules already initialized, skipping
Refreshing native plugins compatible for Editor in 0.48 ms, found 1 plugins.
Preloading 0 native plugins for Editor in 0.00 ms.
Unloading 1796 Unused Serialized files (Serialized files now loaded: 0)
System memory in use before: 90.3 MB.
System memory in use after: 90.3 MB.

Unloading 12 unused Assets to reduce memory usage. Loaded Objects now: 2289.
Total: 1.982800 ms (FindLiveObjects: 0.178900 ms CreateObjectMapping: 0.064800 ms MarkObjects: 1.615100 ms  DeleteObjects: 0.123000 ms)

========================================================================
Received Prepare
Registering precompiled user dll's ...
Registered in 0.003721 seconds.
Begin MonoManager ReloadAssembly
Native extension for WindowsStandalone target not found
Refreshing native plugins compatible for Editor in 0.35 ms, found 1 plugins.
Preloading 0 native plugins for Editor in 0.00 ms.
Invoked RoslynAnalysisRunner static constructor.
RoslynAnalysisRunner will not be running.
RoslynAnalysisRunner has terminated.
Mono: successfully reloaded assembly
- Completed reload, in  2.089 seconds
Platform modules already initialized, skipping
Refreshing native plugins compatible for Editor in 0.34 ms, found 1 plugins.
Preloading 0 native plugins for Editor in 0.00 ms.
Unloading 1796 Unused Serialized files (Serialized files now loaded: 0)
System memory in use before: 90.4 MB.
System memory in use after: 90.4 MB.

Unloading 12 unused Assets to reduce memory usage. Loaded Objects now: 2292.
Total: 5.522800 ms (FindLiveObjects: 0.486000 ms CreateObjectMapping: 0.117800 ms MarkObjects: 4.465700 ms  DeleteObjects: 0.450800 ms)

========================================================================
Received Prepare
Registering precompiled user dll's ...
Registered in 0.003955 seconds.
Begin MonoManager ReloadAssembly
Native extension for WindowsStandalone target not found
Refreshing native plugins compatible for Editor in 0.45 ms, found 1 plugins.
Preloading 0 native plugins for Editor in 0.00 ms.
Invoked RoslynAnalysisRunner static constructor.
RoslynAnalysisRunner will not be running.
RoslynAnalysisRunner has terminated.
Mono: successfully reloaded assembly
- Completed reload, in  2.349 seconds
Platform modules already initialized, skipping
Refreshing native plugins compatible for Editor in 0.36 ms, found 1 plugins.
Preloading 0 native plugins for Editor in 0.00 ms.
Unloading 1796 Unused Serialized files (Serialized files now loaded: 0)
System memory in use before: 90.5 MB.
System memory in use after: 90.5 MB.

Unloading 12 unused Assets to reduce memory usage. Loaded Objects now: 2295.
Total: 2.456900 ms (FindLiveObjects: 0.199400 ms CreateObjectMapping: 0.088200 ms MarkObjects: 2.065500 ms  DeleteObjects: 0.101900 ms)

========================================================================
Received Prepare
Registering precompiled user dll's ...
Registered in 0.004396 seconds.
Begin MonoManager ReloadAssembly
Native extension for WindowsStandalone target not found
Refreshing native plugins compatible for Editor in 0.33 ms, found 1 plugins.
Preloading 0 native plugins for Editor in 0.00 ms.
Invoked RoslynAnalysisRunner static constructor.
RoslynAnalysisRunner will not be running.
RoslynAnalysisRunner has terminated.
Mono: successfully reloaded assembly
- Completed reload, in  2.000 seconds
Platform modules already initialized, skipping
Refreshing native plugins compatible for Editor in 0.34 ms, found 1 plugins.
Preloading 0 native plugins for Editor in 0.00 ms.
Unloading 1796 Unused Serialized files (Serialized files now loaded: 0)
System memory in use before: 90.5 MB.
System memory in use after: 90.5 MB.

Unloading 12 unused Assets to reduce memory usage. Loaded Objects now: 2298.
Total: 3.789000 ms (FindLiveObjects: 0.175000 ms CreateObjectMapping: 0.062400 ms MarkObjects: 3.438000 ms  DeleteObjects: 0.112100 ms)

========================================================================
Received Prepare
Registering precompiled user dll's ...
Registered in 0.002189 seconds.
Begin MonoManager ReloadAssembly
Native extension for WindowsStandalone target not found
Refreshing native plugins compatible for Editor in 0.75 ms, found 1 plugins.
Preloading 0 native plugins for Editor in 0.00 ms.
Invoked RoslynAnalysisRunner static constructor.
RoslynAnalysisRunner will not be running.
RoslynAnalysisRunner has terminated.
Mono: successfully reloaded assembly
- Completed reload, in  2.400 seconds
Platform modules already initialized, skipping
Refreshing native plugins compatible for Editor in 0.36 ms, found 1 plugins.
Preloading 0 native plugins for Editor in 0.00 ms.
Unloading 1796 Unused Serialized files (Serialized files now loaded: 0)
System memory in use before: 90.6 MB.
System memory in use after: 90.6 MB.

Unloading 12 unused Assets to reduce memory usage. Loaded Objects now: 2301.
Total: 17.166600 ms (FindLiveObjects: 0.267300 ms CreateObjectMapping: 0.088200 ms MarkObjects: 16.634700 ms  DeleteObjects: 0.175000 ms)

========================================================================
Received Prepare
Registering precompiled user dll's ...
Registered in 0.002113 seconds.
Begin MonoManager ReloadAssembly
Native extension for WindowsStandalone target not found
Refreshing native plugins compatible for Editor in 0.39 ms, found 1 plugins.
Preloading 0 native plugins for Editor in 0.00 ms.
Invoked RoslynAnalysisRunner static constructor.
RoslynAnalysisRunner will not be running.
RoslynAnalysisRunner has terminated.
Mono: successfully reloaded assembly
- Completed reload, in  2.905 seconds
Platform modules already initialized, skipping
Refreshing native plugins compatible for Editor in 0.69 ms, found 1 plugins.
Preloading 0 native plugins for Editor in 0.00 ms.
Unloading 1796 Unused Serialized files (Serialized files now loaded: 0)
System memory in use before: 90.7 MB.
System memory in use after: 90.7 MB.

Unloading 12 unused Assets to reduce memory usage. Loaded Objects now: 2304.
Total: 2.644200 ms (FindLiveObjects: 0.214300 ms CreateObjectMapping: 0.108000 ms MarkObjects: 2.214700 ms  DeleteObjects: 0.105500 ms)

========================================================================
Received Prepare
Registering precompiled user dll's ...
Registered in 0.002659 seconds.
Begin MonoManager ReloadAssembly
Native extension for WindowsStandalone target not found
Refreshing native plugins compatible for Editor in 0.44 ms, found 1 plugins.
Preloading 0 native plugins for Editor in 0.00 ms.
Invoked RoslynAnalysisRunner static constructor.
RoslynAnalysisRunner will not be running.
RoslynAnalysisRunner has terminated.
Mono: successfully reloaded assembly
- Completed reload, in  2.518 seconds
Platform modules already initialized, skipping
Refreshing native plugins compatible for Editor in 0.53 ms, found 1 plugins.
Preloading 0 native plugins for Editor in 0.00 ms.
Unloading 1796 Unused Serialized files (Serialized files now loaded: 0)
System memory in use before: 90.7 MB.
System memory in use after: 90.7 MB.

Unloading 12 unused Assets to reduce memory usage. Loaded Objects now: 2307.
Total: 15.409900 ms (FindLiveObjects: 0.625000 ms CreateObjectMapping: 7.561200 ms MarkObjects: 7.102800 ms  DeleteObjects: 0.119000 ms)

========================================================================
Received Prepare
Registering precompiled user dll's ...
Registered in 0.002162 seconds.
Begin MonoManager ReloadAssembly
Native extension for WindowsStandalone target not found
Refreshing native plugins compatible for Editor in 0.41 ms, found 1 plugins.
Preloading 0 native plugins for Editor in 0.00 ms.
Invoked RoslynAnalysisRunner static constructor.
RoslynAnalysisRunner will not be running.
RoslynAnalysisRunner has terminated.
Mono: successfully reloaded assembly
- Completed reload, in  2.847 seconds
Platform modules already initialized, skipping
Refreshing native plugins compatible for Editor in 0.48 ms, found 1 plugins.
Preloading 0 native plugins for Editor in 0.00 ms.
Unloading 1796 Unused Serialized files (Serialized files now loaded: 0)
System memory in use before: 90.8 MB.
System memory in use after: 90.8 MB.

Unloading 12 unused Assets to reduce memory usage. Loaded Objects now: 2310.
Total: 3.307400 ms (FindLiveObjects: 0.196900 ms CreateObjectMapping: 0.140300 ms MarkObjects: 2.856900 ms  DeleteObjects: 0.111600 ms)

========================================================================
Received Prepare
Registering precompiled user dll's ...
Registered in 0.004272 seconds.
Begin MonoManager ReloadAssembly
Native extension for WindowsStandalone target not found
Refreshing native plugins compatible for Editor in 0.39 ms, found 1 plugins.
Preloading 0 native plugins for Editor in 0.00 ms.
Invoked RoslynAnalysisRunner static constructor.
RoslynAnalysisRunner will not be running.
RoslynAnalysisRunner has terminated.
Mono: successfully reloaded assembly
- Completed reload, in  2.715 seconds
Platform modules already initialized, skipping
Refreshing native plugins compatible for Editor in 0.82 ms, found 1 plugins.
Preloading 0 native plugins for Editor in 0.00 ms.
Unloading 1796 Unused Serialized files (Serialized files now loaded: 0)
System memory in use before: 90.9 MB.
System memory in use after: 90.9 MB.

Unloading 12 unused Assets to reduce memory usage. Loaded Objects now: 2313.
Total: 5.856000 ms (FindLiveObjects: 1.495900 ms CreateObjectMapping: 0.625800 ms MarkObjects: 3.223100 ms  DeleteObjects: 0.509700 ms)

========================================================================
Received Prepare
Registering precompiled user dll's ...
Registered in 0.002893 seconds.
Begin MonoManager ReloadAssembly
Native extension for WindowsStandalone target not found
Refreshing native plugins compatible for Editor in 0.48 ms, found 1 plugins.
Preloading 0 native plugins for Editor in 0.00 ms.
Invoked RoslynAnalysisRunner static constructor.
RoslynAnalysisRunner will not be running.
RoslynAnalysisRunner has terminated.
Mono: successfully reloaded assembly
- Completed reload, in  2.052 seconds
Platform modules already initialized, skipping
Refreshing native plugins compatible for Editor in 0.36 ms, found 1 plugins.
Preloading 0 native plugins for Editor in 0.00 ms.
Unloading 1796 Unused Serialized files (Serialized files now loaded: 0)
System memory in use before: 90.9 MB.
System memory in use after: 90.9 MB.

Unloading 12 unused Assets to reduce memory usage. Loaded Objects now: 2316.
Total: 1.925300 ms (FindLiveObjects: 0.189100 ms CreateObjectMapping: 0.067600 ms MarkObjects: 1.563900 ms  DeleteObjects: 0.103300 ms)

========================================================================
Received Import Request.
  Time since last request: 1810.545140 seconds.
  path: Assets/HP.cs
  artifactKey: Guid(eab3f0b2c3727fa49bd7075681d3f05f) Importer(815301076,1909f56bfc062723c751e8b465ee728b)
Start importing Assets/HP.cs using Guid(eab3f0b2c3727fa49bd7075681d3f05f) Importer(815301076,1909f56bfc062723c751e8b465ee728b)  -> (artifact id: '0a5636f1fbfaddeed329cf79526893e0') in 0.031971 seconds
  Import took 0.035292 seconds .

========================================================================
Received Import Request.
  Time since last request: 3.433339 seconds.
  path: Assets/UI.cs
  artifactKey: Guid(eab3f0b2c3727fa49bd7075681d3f05f) Importer(815301076,1909f56bfc062723c751e8b465ee728b)
Start importing Assets/UI.cs using Guid(eab3f0b2c3727fa49bd7075681d3f05f) Importer(815301076,1909f56bfc062723c751e8b465ee728b)  -> (artifact id: '938bb04244b4d37a59a9c91b64d5c25b') in 0.012143 seconds
  Import took 0.019026 seconds .

========================================================================
Received Prepare
Registering precompiled user dll's ...
Registered in 0.002146 seconds.
Begin MonoManager ReloadAssembly
Native extension for WindowsStandalone target not found
Refreshing native plugins compatible for Editor in 0.33 ms, found 1 plugins.
Preloading 0 native plugins for Editor in 0.00 ms.
Invoked RoslynAnalysisRunner static constructor.
RoslynAnalysisRunner will not be running.
RoslynAnalysisRunner has terminated.
Mono: successfully reloaded assembly
- Completed reload, in  1.685 seconds
Platform modules already initialized, skipping
Refreshing native plugins compatible for Editor in 0.32 ms, found 1 plugins.
Preloading 0 native plugins for Editor in 0.00 ms.
Unloading 1796 Unused Serialized files (Serialized files now loaded: 0)
System memory in use before: 91.0 MB.
System memory in use after: 91.0 MB.

Unloading 12 unused Assets to reduce memory usage. Loaded Objects now: 2319.
Total: 3.113200 ms (FindLiveObjects: 0.555800 ms CreateObjectMapping: 0.321200 ms MarkObjects: 2.102700 ms  DeleteObjects: 0.132000 ms)

========================================================================
Received Prepare
Registering precompiled user dll's ...
Registered in 0.002057 seconds.
Begin MonoManager ReloadAssembly
Native extension for WindowsStandalone target not found
Refreshing native plugins compatible for Editor in 0.47 ms, found 1 plugins.
Preloading 0 native plugins for Editor in 0.00 ms.
Invoked RoslynAnalysisRunner static constructor.
RoslynAnalysisRunner will not be running.
RoslynAnalysisRunner has terminated.
Mono: successfully reloaded assembly
- Completed reload, in  1.539 seconds
Platform modules already initialized, skipping
Refreshing native plugins compatible for Editor in 0.33 ms, found 1 plugins.
Preloading 0 native plugins for Editor in 0.00 ms.
Unloading 1796 Unused Serialized files (Serialized files now loaded: 0)
System memory in use before: 91.1 MB.
System memory in use after: 91.1 MB.

Unloading 12 unused Assets to reduce memory usage. Loaded Objects now: 2322.
Total: 2.912000 ms (FindLiveObjects: 0.187500 ms CreateObjectMapping: 0.066800 ms MarkObjects: 2.532200 ms  DeleteObjects: 0.124300 ms)

========================================================================
Received Import Request.
  Time since last request: 324.548672 seconds.
  path: Assets/UI.cs
  artifactKey: Guid(eab3f0b2c3727fa49bd7075681d3f05f) Importer(815301076,1909f56bfc062723c751e8b465ee728b)
Start importing Assets/UI.cs using Guid(eab3f0b2c3727fa49bd7075681d3f05f) Importer(815301076,1909f56bfc062723c751e8b465ee728b)  -> (artifact id: 'd030df823b5b2f23dc3ef0dc4d099941') in 0.008277 seconds
  Import took 0.011422 seconds .

AssetImportWorkerClient::OnTransportError - code=2 error=End of file
